[14:20:07] [ServerMain/WARN]: [oshi.driver.windows.perfmon.PerfmonDisabled] Invalid registry value type detected for PerfOS counters. Should be REG_DWORD. Ignoring: HKEY_LOCAL_MACHINE\SYSTEM\CurrentControlSet\Services\PerfOS\Performance\Disable Performance Counters.
[14:20:11] [ServerMain/INFO]: Environment: authHost='https://authserver.mojang.com', accountsHost='https://api.mojang.com', sessionHost='https://sessionserver.mojang.com', servicesHost='https://api.minecraftservices.com', name='PROD'
[14:20:11] [ServerMain/INFO]: Found new data pack file/bukkit, loading it automatically
[14:20:12] [ServerMain/INFO]: Loaded 7 recipes
[14:20:12] [Server thread/INFO]: Starting minecraft server version 1.20.1
[14:20:12] [Server thread/INFO]: Loading properties
[14:20:12] [Server thread/INFO]: This server is running Paper version git-Paper-129 (MC: 1.20.1) (Implementing API version 1.20.1-R0.1-SNAPSHOT) (Git: 73af2d4)
[14:20:12] [Server thread/INFO]: Server Ping Player Sample Count: 12
[14:20:12] [Server thread/INFO]: Using 4 threads for Netty based IO
[14:20:12] [Server thread/INFO]: [ChunkTaskScheduler] Chunk system is using 1 I/O threads, 4 worker threads, and gen parallelism of 4 threads
[14:20:12] [Server thread/WARN]: [!] The timings profiler has been enabled but has been scheduled for removal from Paper in the future.
    We recommend installing the spark profiler as a replacement: https://spark.lucko.me/
    For more information please visit: https://github.com/PaperMC/Paper/issues/8948
[14:20:13] [Server thread/INFO]: Default game type: SURVIVAL
[14:20:13] [Server thread/INFO]: Generating keypair
[14:20:13] [Server thread/INFO]: Starting Minecraft server on *:25565
[14:20:13] [Server thread/INFO]: Using default channel type
[14:20:13] [Server thread/INFO]: Paper: Using Java compression from Velocity.
[14:20:13] [Server thread/INFO]: Paper: Using Java cipher from Velocity.
[14:20:13] [Server thread/INFO]: [Runes] Loading server plugin Runes v0.1
[14:20:13] [Server thread/INFO]: Preparing level "world"
[14:20:17] [Server thread/INFO]: Preparing start region for dimension minecraft:overworld
[14:20:17] [Server thread/INFO]: Time elapsed: 62 ms
[14:20:17] [Server thread/INFO]: Preparing start region for dimension minecraft:the_nether
[14:20:17] [Server thread/INFO]: Time elapsed: 50 ms
[14:20:17] [Server thread/INFO]: Preparing start region for dimension minecraft:the_end
[14:20:17] [Server thread/INFO]: Time elapsed: 49 ms
[14:20:17] [Server thread/INFO]: [Runes] Enabling Runes v0.1
[14:20:18] [Server thread/INFO]: Guten Tag
[14:20:18] [Server thread/INFO]: Running delayed init tasks
[14:20:18] [Server thread/INFO]: Done (5.324s)! For help, type "help"
[14:20:18] [Server thread/INFO]: Timings Reset
