[01:47:40] [ServerMain/INFO]: Environment: authHost='https://authserver.mojang.com', accountsHost='https://api.mojang.com', sessionHost='https://sessionserver.mojang.com', servicesHost='https://api.minecraftservices.com', name='PROD'
[01:47:40] [ServerMain/INFO]: Found new data pack file/bukkit, loading it automatically
[01:47:41] [ServerMain/INFO]: Loaded 7 recipes
[01:47:42] [Server thread/INFO]: Starting minecraft server version 1.20.1
[01:47:42] [Server thread/INFO]: Loading properties
[01:47:42] [Server thread/INFO]: This server is running Paper version git-Paper-163 (MC: 1.20.1) (Implementing API version 1.20.1-R0.1-SNAPSHOT) (Git: 6f30f08)
[01:47:42] [Server thread/INFO]: Using 4 threads for Netty based IO
[01:47:42] [Server thread/INFO]: Server Ping Player Sample Count: 12
[01:47:42] [Server thread/INFO]: [ChunkTaskScheduler] Chunk system is using 1 I/O threads, 4 worker threads, and gen parallelism of 4 threads
[01:47:42] [Server thread/WARN]: [!] The timings profiler has been enabled but has been scheduled for removal from Paper in the future.
    We recommend installing the spark profiler as a replacement: https://spark.lucko.me/
    For more information please visit: https://github.com/PaperMC/Paper/issues/8948
[01:47:42] [Server thread/INFO]: Default game type: SURVIVAL
[01:47:42] [Server thread/INFO]: Generating keypair
[01:47:43] [Server thread/INFO]: Starting Minecraft server on *:25565
[01:47:43] [Server thread/INFO]: Using default channel type
[01:47:43] [Server thread/INFO]: Paper: Using Java compression from Velocity.
[01:47:43] [Server thread/INFO]: Paper: Using Java cipher from Velocity.
[01:47:43] [Server thread/INFO]: [Crafty] Loading server plugin Crafty v1.3-snapshot
[01:47:43] [Server thread/INFO]: Preparing level "world"
[01:47:48] [Server thread/INFO]: Preparing start region for dimension minecraft:overworld
[01:47:48] [Server thread/INFO]: Time elapsed: 98 ms
[01:47:48] [Server thread/INFO]: Preparing start region for dimension minecraft:the_nether
[01:47:48] [Server thread/INFO]: Time elapsed: 58 ms
[01:47:48] [Server thread/INFO]: Preparing start region for dimension minecraft:the_end
[01:47:48] [Server thread/INFO]: Time elapsed: 47 ms
[01:47:48] [Server thread/INFO]: [Crafty] Enabling Crafty v1.3-snapshot
[01:47:48] [Server thread/INFO]: [Crafty] DEBUG Guten Tag!
[01:47:48] [Server thread/INFO]: Running delayed init tasks
[01:47:48] [Server thread/INFO]: Done (5.975s)! For help, type "help"
[01:47:48] [Server thread/INFO]: Timings Reset
